{"D:\\Entwicklung\\NodeJS\\node-red-contrib-tankerkoenig2\\lib\\tankerkoenig.js": {"path":"D:\\Entwicklung\\NodeJS\\node-red-contrib-tankerkoenig2\\lib\\tankerkoenig.js","statementMap":{"0":{"start":{"line":1,"column":14},"end":{"line":1,"column":30}},"1":{"start":{"line":3,"column":0},"end":{"line":88,"column":2}},"2":{"start":{"line":5,"column":8},"end":{"line":68,"column":11}},"3":{"start":{"line":6,"column":29},"end":{"line":11,"column":13}},"4":{"start":{"line":13,"column":12},"end":{"line":25,"column":13}},"5":{"start":{"line":15,"column":20},"end":{"line":15,"column":82}},"6":{"start":{"line":16,"column":20},"end":{"line":16,"column":26}},"7":{"start":{"line":19,"column":20},"end":{"line":19,"column":68}},"8":{"start":{"line":20,"column":20},"end":{"line":23,"column":22}},"9":{"start":{"line":24,"column":20},"end":{"line":24,"column":26}},"10":{"start":{"line":27,"column":24},"end":{"line":57,"column":14}},"11":{"start":{"line":28,"column":27},"end":{"line":28,"column":29}},"12":{"start":{"line":30,"column":16},"end":{"line":32,"column":19}},"13":{"start":{"line":31,"column":20},"end":{"line":31,"column":34}},"14":{"start":{"line":34,"column":16},"end":{"line":56,"column":19}},"15":{"start":{"line":35,"column":20},"end":{"line":55,"column":21}},"16":{"start":{"line":36,"column":24},"end":{"line":36,"column":48}},"17":{"start":{"line":38,"column":24},"end":{"line":40,"column":25}},"18":{"start":{"line":39,"column":28},"end":{"line":39,"column":66}},"19":{"start":{"line":43,"column":24},"end":{"line":45,"column":25}},"20":{"start":{"line":44,"column":28},"end":{"line":44,"column":47}},"21":{"start":{"line":47,"column":24},"end":{"line":47,"column":38}},"22":{"start":{"line":50,"column":24},"end":{"line":54,"column":27}},"23":{"start":{"line":59,"column":12},"end":{"line":61,"column":15}},"24":{"start":{"line":60,"column":16},"end":{"line":60,"column":30}},"25":{"start":{"line":63,"column":12},"end":{"line":65,"column":13}},"26":{"start":{"line":64,"column":16},"end":{"line":64,"column":34}},"27":{"start":{"line":67,"column":12},"end":{"line":67,"column":22}},"28":{"start":{"line":72,"column":8},"end":{"line":72,"column":28}},"29":{"start":{"line":74,"column":8},"end":{"line":79,"column":9}},"30":{"start":{"line":75,"column":12},"end":{"line":78,"column":13}},"31":{"start":{"line":76,"column":16},"end":{"line":76,"column":51}},"32":{"start":{"line":77,"column":16},"end":{"line":77,"column":36}},"33":{"start":{"line":81,"column":8},"end":{"line":84,"column":9}},"34":{"start":{"line":82,"column":12},"end":{"line":82,"column":53}},"35":{"start":{"line":83,"column":12},"end":{"line":83,"column":33}},"36":{"start":{"line":86,"column":8},"end":{"line":86,"column":23}}},"fnMap":{"0":{"name":"(anonymous_0)","decl":{"start":{"line":4,"column":4},"end":{"line":4,"column":5}},"loc":{"start":{"line":4,"column":47},"end":{"line":69,"column":5}},"line":4},"1":{"name":"(anonymous_1)","decl":{"start":{"line":5,"column":27},"end":{"line":5,"column":28}},"loc":{"start":{"line":5,"column":48},"end":{"line":68,"column":9}},"line":5},"2":{"name":"(anonymous_2)","decl":{"start":{"line":27,"column":48},"end":{"line":27,"column":49}},"loc":{"start":{"line":27,"column":57},"end":{"line":57,"column":13}},"line":27},"3":{"name":"(anonymous_3)","decl":{"start":{"line":30,"column":31},"end":{"line":30,"column":32}},"loc":{"start":{"line":30,"column":42},"end":{"line":32,"column":17}},"line":30},"4":{"name":"(anonymous_4)","decl":{"start":{"line":34,"column":30},"end":{"line":34,"column":31}},"loc":{"start":{"line":34,"column":36},"end":{"line":56,"column":17}},"line":34},"5":{"name":"(anonymous_5)","decl":{"start":{"line":59,"column":28},"end":{"line":59,"column":29}},"loc":{"start":{"line":59,"column":39},"end":{"line":61,"column":13}},"line":59},"6":{"name":"(anonymous_6)","decl":{"start":{"line":71,"column":4},"end":{"line":71,"column":5}},"loc":{"start":{"line":71,"column":53},"end":{"line":87,"column":5}},"line":71}},"branchMap":{"0":{"loc":{"start":{"line":13,"column":12},"end":{"line":25,"column":13}},"type":"switch","locations":[{"start":{"line":14,"column":16},"end":{"line":16,"column":26}},{"start":{"line":18,"column":16},"end":{"line":24,"column":26}}],"line":13},"1":{"loc":{"start":{"line":38,"column":24},"end":{"line":40,"column":25}},"type":"if","locations":[{"start":{"line":38,"column":24},"end":{"line":40,"column":25}},{"start":{},"end":{}}],"line":38},"2":{"loc":{"start":{"line":39,"column":34},"end":{"line":39,"column":65}},"type":"binary-expr","locations":[{"start":{"line":39,"column":34},"end":{"line":39,"column":46}},{"start":{"line":39,"column":50},"end":{"line":39,"column":65}}],"line":39},"3":{"loc":{"start":{"line":43,"column":24},"end":{"line":45,"column":25}},"type":"if","locations":[{"start":{"line":43,"column":24},"end":{"line":45,"column":25}},{"start":{},"end":{}}],"line":43},"4":{"loc":{"start":{"line":53,"column":37},"end":{"line":53,"column":58}},"type":"binary-expr","locations":[{"start":{"line":53,"column":37},"end":{"line":53,"column":49}},{"start":{"line":53,"column":53},"end":{"line":53,"column":58}}],"line":53},"5":{"loc":{"start":{"line":63,"column":12},"end":{"line":65,"column":13}},"type":"if","locations":[{"start":{"line":63,"column":12},"end":{"line":65,"column":13}},{"start":{},"end":{}}],"line":63},"6":{"loc":{"start":{"line":71,"column":35},"end":{"line":71,"column":51}},"type":"default-arg","locations":[{"start":{"line":71,"column":46},"end":{"line":71,"column":51}}],"line":71},"7":{"loc":{"start":{"line":75,"column":12},"end":{"line":78,"column":13}},"type":"if","locations":[{"start":{"line":75,"column":12},"end":{"line":78,"column":13}},{"start":{},"end":{}}],"line":75},"8":{"loc":{"start":{"line":81,"column":8},"end":{"line":84,"column":9}},"type":"if","locations":[{"start":{"line":81,"column":8},"end":{"line":84,"column":9}},{"start":{},"end":{}}],"line":81},"9":{"loc":{"start":{"line":81,"column":12},"end":{"line":81,"column":37}},"type":"binary-expr","locations":[{"start":{"line":81,"column":12},"end":{"line":81,"column":25}},{"start":{"line":81,"column":29},"end":{"line":81,"column":37}}],"line":81}},"s":{"0":4,"1":4,"2":7,"3":7,"4":7,"5":6,"6":6,"7":1,"8":1,"9":1,"10":7,"11":7,"12":7,"13":99,"14":7,"15":7,"16":7,"17":7,"18":0,"19":7,"20":2,"21":7,"22":0,"23":7,"24":0,"25":7,"26":1,"27":7,"28":1053,"29":1053,"30":15798,"31":3159,"32":3159,"33":1053,"34":0,"35":0,"36":1053},"f":{"0":7,"1":7,"2":7,"3":99,"4":7,"5":0,"6":1053},"b":{"0":[6,1],"1":[0,7],"2":[0,0],"3":[2,5],"4":[0,0],"5":[1,6],"6":[1],"7":[3159,12639],"8":[0,1053],"9":[1053,0]},"_coverageSchema":"1a1c01bbd47fc00a2c39e90264f33305004495a9","hash":"e5659c613ff22cc01c6a14216c0cd6abfb0f7556"}
,"D:\\Entwicklung\\NodeJS\\node-red-contrib-tankerkoenig2\\nodes\\10-config.js": {"path":"D:\\Entwicklung\\NodeJS\\node-red-contrib-tankerkoenig2\\nodes\\10-config.js","statementMap":{"0":{"start":{"line":1,"column":0},"end":{"line":20,"column":2}},"1":{"start":{"line":6,"column":12},"end":{"line":6,"column":47}},"2":{"start":{"line":8,"column":12},"end":{"line":8,"column":36}},"3":{"start":{"line":9,"column":12},"end":{"line":9,"column":64}},"4":{"start":{"line":13,"column":4},"end":{"line":19,"column":7}}},"fnMap":{"0":{"name":"(anonymous_0)","decl":{"start":{"line":1,"column":17},"end":{"line":1,"column":18}},"loc":{"start":{"line":1,"column":26},"end":{"line":20,"column":1}},"line":1},"1":{"name":"(anonymous_1)","decl":{"start":{"line":5,"column":8},"end":{"line":5,"column":9}},"loc":{"start":{"line":5,"column":28},"end":{"line":10,"column":9}},"line":5}},"branchMap":{"0":{"loc":{"start":{"line":9,"column":23},"end":{"line":9,"column":63}},"type":"binary-expr","locations":[{"start":{"line":9,"column":23},"end":{"line":9,"column":43}},{"start":{"line":9,"column":47},"end":{"line":9,"column":57}},{"start":{"line":9,"column":61},"end":{"line":9,"column":63}}],"line":9}},"s":{"0":4,"1":12,"2":12,"3":12,"4":12},"f":{"0":12,"1":12},"b":{"0":[12,0,0]},"_coverageSchema":"1a1c01bbd47fc00a2c39e90264f33305004495a9","hash":"616f63338cf4c93812293116099e222211f8fdc7"}
,"D:\\Entwicklung\\NodeJS\\node-red-contrib-tankerkoenig2\\nodes\\20-complaint.js": {"path":"D:\\Entwicklung\\NodeJS\\node-red-contrib-tankerkoenig2\\nodes\\20-complaint.js","statementMap":{"0":{"start":{"line":2,"column":0},"end":{"line":58,"column":2}},"1":{"start":{"line":5,"column":25},"end":{"line":5,"column":55}},"2":{"start":{"line":8,"column":8},"end":{"line":8,"column":43}},"3":{"start":{"line":9,"column":21},"end":{"line":9,"column":25}},"4":{"start":{"line":11,"column":8},"end":{"line":18,"column":44}},"5":{"start":{"line":18,"column":23},"end":{"line":18,"column":42}},"6":{"start":{"line":20,"column":8},"end":{"line":20,"column":57}},"7":{"start":{"line":21,"column":8},"end":{"line":23,"column":9}},"8":{"start":{"line":22,"column":12},"end":{"line":22,"column":40}},"9":{"start":{"line":25,"column":8},"end":{"line":54,"column":11}},"10":{"start":{"line":26,"column":12},"end":{"line":26,"column":44}},"11":{"start":{"line":27,"column":27},"end":{"line":33,"column":13}},"12":{"start":{"line":35,"column":12},"end":{"line":37,"column":13}},"13":{"start":{"line":36,"column":16},"end":{"line":36,"column":41}},"14":{"start":{"line":39,"column":12},"end":{"line":41,"column":13}},"15":{"start":{"line":40,"column":16},"end":{"line":40,"column":33}},"16":{"start":{"line":43,"column":12},"end":{"line":53,"column":19}},"17":{"start":{"line":45,"column":20},"end":{"line":45,"column":38}},"18":{"start":{"line":48,"column":20},"end":{"line":48,"column":40}},"19":{"start":{"line":49,"column":20},"end":{"line":49,"column":38}},"20":{"start":{"line":52,"column":20},"end":{"line":52,"column":35}},"21":{"start":{"line":57,"column":4},"end":{"line":57,"column":69}}},"fnMap":{"0":{"name":"(anonymous_0)","decl":{"start":{"line":2,"column":17},"end":{"line":2,"column":18}},"loc":{"start":{"line":2,"column":26},"end":{"line":58,"column":1}},"line":2},"1":{"name":"complaintNode","decl":{"start":{"line":7,"column":13},"end":{"line":7,"column":26}},"loc":{"start":{"line":7,"column":36},"end":{"line":55,"column":5}},"line":7},"2":{"name":"(anonymous_2)","decl":{"start":{"line":18,"column":18},"end":{"line":18,"column":19}},"loc":{"start":{"line":18,"column":23},"end":{"line":18,"column":42}},"line":18},"3":{"name":"(anonymous_3)","decl":{"start":{"line":25,"column":25},"end":{"line":25,"column":26}},"loc":{"start":{"line":25,"column":40},"end":{"line":54,"column":9}},"line":25},"4":{"name":"(anonymous_4)","decl":{"start":{"line":44,"column":22},"end":{"line":44,"column":23}},"loc":{"start":{"line":44,"column":31},"end":{"line":46,"column":17}},"line":44},"5":{"name":"(anonymous_5)","decl":{"start":{"line":47,"column":23},"end":{"line":47,"column":24}},"loc":{"start":{"line":47,"column":34},"end":{"line":50,"column":17}},"line":47},"6":{"name":"(anonymous_6)","decl":{"start":{"line":51,"column":25},"end":{"line":51,"column":26}},"loc":{"start":{"line":51,"column":31},"end":{"line":53,"column":17}},"line":51}},"branchMap":{"0":{"loc":{"start":{"line":21,"column":8},"end":{"line":23,"column":9}},"type":"if","locations":[{"start":{"line":21,"column":8},"end":{"line":23,"column":9}},{"start":{},"end":{}}],"line":21},"1":{"loc":{"start":{"line":21,"column":12},"end":{"line":21,"column":44}},"type":"binary-expr","locations":[{"start":{"line":21,"column":12},"end":{"line":21,"column":24}},{"start":{"line":21,"column":28},"end":{"line":21,"column":44}}],"line":21},"2":{"loc":{"start":{"line":26,"column":26},"end":{"line":26,"column":43}},"type":"binary-expr","locations":[{"start":{"line":26,"column":26},"end":{"line":26,"column":37}},{"start":{"line":26,"column":41},"end":{"line":26,"column":43}}],"line":26},"3":{"loc":{"start":{"line":28,"column":28},"end":{"line":28,"column":66}},"type":"binary-expr","locations":[{"start":{"line":28,"column":28},"end":{"line":28,"column":44}},{"start":{"line":28,"column":57},"end":{"line":28,"column":66}}],"line":28},"4":{"loc":{"start":{"line":29,"column":28},"end":{"line":29,"column":75}},"type":"binary-expr","locations":[{"start":{"line":29,"column":28},"end":{"line":29,"column":53}},{"start":{"line":29,"column":57},"end":{"line":29,"column":75}}],"line":29},"5":{"loc":{"start":{"line":30,"column":28},"end":{"line":30,"column":85}},"type":"binary-expr","locations":[{"start":{"line":30,"column":28},"end":{"line":30,"column":50}},{"start":{"line":30,"column":57},"end":{"line":30,"column":72}},{"start":{"line":30,"column":80},"end":{"line":30,"column":85}}],"line":30},"6":{"loc":{"start":{"line":31,"column":28},"end":{"line":31,"column":85}},"type":"binary-expr","locations":[{"start":{"line":31,"column":28},"end":{"line":31,"column":49}},{"start":{"line":31,"column":57},"end":{"line":31,"column":71}},{"start":{"line":31,"column":80},"end":{"line":31,"column":85}}],"line":31},"7":{"loc":{"start":{"line":35,"column":12},"end":{"line":37,"column":13}},"type":"if","locations":[{"start":{"line":35,"column":12},"end":{"line":37,"column":13}},{"start":{},"end":{}}],"line":35},"8":{"loc":{"start":{"line":39,"column":12},"end":{"line":41,"column":13}},"type":"if","locations":[{"start":{"line":39,"column":12},"end":{"line":41,"column":13}},{"start":{},"end":{}}],"line":39}},"s":{"0":1,"1":3,"2":3,"3":3,"4":3,"5":18,"6":3,"7":3,"8":0,"9":3,"10":1,"11":1,"12":1,"13":0,"14":1,"15":0,"16":1,"17":1,"18":0,"19":0,"20":1,"21":3},"f":{"0":3,"1":3,"2":18,"3":1,"4":1,"5":0,"6":1},"b":{"0":[0,3],"1":[3,3],"2":[1,0],"3":[1,0],"4":[1,0],"5":[1,0,0],"6":[1,0,0],"7":[0,1],"8":[0,1]},"_coverageSchema":"1a1c01bbd47fc00a2c39e90264f33305004495a9","hash":"0355a63250466ad6449385c96fb90e57ee789efc"}
,"D:\\Entwicklung\\NodeJS\\node-red-contrib-tankerkoenig2\\nodes\\20-detail.js": {"path":"D:\\Entwicklung\\NodeJS\\node-red-contrib-tankerkoenig2\\nodes\\20-detail.js","statementMap":{"0":{"start":{"line":2,"column":0},"end":{"line":49,"column":2}},"1":{"start":{"line":5,"column":25},"end":{"line":5,"column":55}},"2":{"start":{"line":8,"column":8},"end":{"line":8,"column":43}},"3":{"start":{"line":9,"column":21},"end":{"line":9,"column":25}},"4":{"start":{"line":11,"column":8},"end":{"line":15,"column":44}},"5":{"start":{"line":15,"column":23},"end":{"line":15,"column":42}},"6":{"start":{"line":17,"column":8},"end":{"line":17,"column":57}},"7":{"start":{"line":18,"column":8},"end":{"line":20,"column":9}},"8":{"start":{"line":19,"column":12},"end":{"line":19,"column":40}},"9":{"start":{"line":22,"column":8},"end":{"line":45,"column":11}},"10":{"start":{"line":23,"column":12},"end":{"line":23,"column":44}},"11":{"start":{"line":24,"column":27},"end":{"line":27,"column":13}},"12":{"start":{"line":29,"column":12},"end":{"line":44,"column":19}},"13":{"start":{"line":32,"column":20},"end":{"line":34,"column":21}},"14":{"start":{"line":33,"column":24},"end":{"line":33,"column":79}},"15":{"start":{"line":36,"column":20},"end":{"line":36,"column":38}},"16":{"start":{"line":39,"column":20},"end":{"line":39,"column":40}},"17":{"start":{"line":40,"column":20},"end":{"line":40,"column":38}},"18":{"start":{"line":43,"column":20},"end":{"line":43,"column":35}},"19":{"start":{"line":48,"column":4},"end":{"line":48,"column":63}}},"fnMap":{"0":{"name":"(anonymous_0)","decl":{"start":{"line":2,"column":17},"end":{"line":2,"column":18}},"loc":{"start":{"line":2,"column":26},"end":{"line":49,"column":1}},"line":2},"1":{"name":"detailNode","decl":{"start":{"line":7,"column":13},"end":{"line":7,"column":23}},"loc":{"start":{"line":7,"column":33},"end":{"line":46,"column":5}},"line":7},"2":{"name":"(anonymous_2)","decl":{"start":{"line":15,"column":18},"end":{"line":15,"column":19}},"loc":{"start":{"line":15,"column":23},"end":{"line":15,"column":42}},"line":15},"3":{"name":"(anonymous_3)","decl":{"start":{"line":22,"column":25},"end":{"line":22,"column":26}},"loc":{"start":{"line":22,"column":40},"end":{"line":45,"column":9}},"line":22},"4":{"name":"(anonymous_4)","decl":{"start":{"line":30,"column":22},"end":{"line":30,"column":23}},"loc":{"start":{"line":30,"column":31},"end":{"line":37,"column":17}},"line":30},"5":{"name":"(anonymous_5)","decl":{"start":{"line":38,"column":23},"end":{"line":38,"column":24}},"loc":{"start":{"line":38,"column":34},"end":{"line":41,"column":17}},"line":38},"6":{"name":"(anonymous_6)","decl":{"start":{"line":42,"column":25},"end":{"line":42,"column":26}},"loc":{"start":{"line":42,"column":31},"end":{"line":44,"column":17}},"line":42}},"branchMap":{"0":{"loc":{"start":{"line":18,"column":8},"end":{"line":20,"column":9}},"type":"if","locations":[{"start":{"line":18,"column":8},"end":{"line":20,"column":9}},{"start":{},"end":{}}],"line":18},"1":{"loc":{"start":{"line":18,"column":12},"end":{"line":18,"column":44}},"type":"binary-expr","locations":[{"start":{"line":18,"column":12},"end":{"line":18,"column":24}},{"start":{"line":18,"column":28},"end":{"line":18,"column":44}}],"line":18},"2":{"loc":{"start":{"line":23,"column":26},"end":{"line":23,"column":43}},"type":"binary-expr","locations":[{"start":{"line":23,"column":26},"end":{"line":23,"column":37}},{"start":{"line":23,"column":41},"end":{"line":23,"column":43}}],"line":23},"3":{"loc":{"start":{"line":25,"column":24},"end":{"line":25,"column":53}},"type":"binary-expr","locations":[{"start":{"line":25,"column":24},"end":{"line":25,"column":40}},{"start":{"line":25,"column":44},"end":{"line":25,"column":53}}],"line":25},"4":{"loc":{"start":{"line":32,"column":20},"end":{"line":34,"column":21}},"type":"if","locations":[{"start":{"line":32,"column":20},"end":{"line":34,"column":21}},{"start":{},"end":{}}],"line":32}},"s":{"0":1,"1":3,"2":3,"3":3,"4":3,"5":9,"6":3,"7":3,"8":0,"9":3,"10":1,"11":1,"12":1,"13":1,"14":1,"15":1,"16":0,"17":0,"18":1,"19":3},"f":{"0":3,"1":3,"2":9,"3":1,"4":1,"5":0,"6":1},"b":{"0":[0,3],"1":[3,3],"2":[1,0],"3":[1,0],"4":[1,0]},"_coverageSchema":"1a1c01bbd47fc00a2c39e90264f33305004495a9","hash":"9e4b73b3f26e15a997a89424ac4dec4c71b18fd6"}
,"D:\\Entwicklung\\NodeJS\\node-red-contrib-tankerkoenig2\\nodes\\20-prices.js": {"path":"D:\\Entwicklung\\NodeJS\\node-red-contrib-tankerkoenig2\\nodes\\20-prices.js","statementMap":{"0":{"start":{"line":2,"column":0},"end":{"line":48,"column":2}},"1":{"start":{"line":5,"column":25},"end":{"line":5,"column":55}},"2":{"start":{"line":8,"column":8},"end":{"line":8,"column":43}},"3":{"start":{"line":9,"column":21},"end":{"line":9,"column":25}},"4":{"start":{"line":11,"column":8},"end":{"line":15,"column":44}},"5":{"start":{"line":15,"column":23},"end":{"line":15,"column":42}},"6":{"start":{"line":17,"column":8},"end":{"line":17,"column":57}},"7":{"start":{"line":18,"column":8},"end":{"line":20,"column":9}},"8":{"start":{"line":19,"column":12},"end":{"line":19,"column":40}},"9":{"start":{"line":22,"column":8},"end":{"line":44,"column":11}},"10":{"start":{"line":23,"column":12},"end":{"line":23,"column":44}},"11":{"start":{"line":24,"column":27},"end":{"line":27,"column":13}},"12":{"start":{"line":29,"column":12},"end":{"line":31,"column":13}},"13":{"start":{"line":30,"column":16},"end":{"line":30,"column":50}},"14":{"start":{"line":33,"column":12},"end":{"line":43,"column":19}},"15":{"start":{"line":35,"column":20},"end":{"line":35,"column":38}},"16":{"start":{"line":38,"column":20},"end":{"line":38,"column":40}},"17":{"start":{"line":39,"column":20},"end":{"line":39,"column":38}},"18":{"start":{"line":42,"column":20},"end":{"line":42,"column":35}},"19":{"start":{"line":47,"column":4},"end":{"line":47,"column":63}}},"fnMap":{"0":{"name":"(anonymous_0)","decl":{"start":{"line":2,"column":17},"end":{"line":2,"column":18}},"loc":{"start":{"line":2,"column":26},"end":{"line":48,"column":1}},"line":2},"1":{"name":"pricesNode","decl":{"start":{"line":7,"column":13},"end":{"line":7,"column":23}},"loc":{"start":{"line":7,"column":33},"end":{"line":45,"column":5}},"line":7},"2":{"name":"(anonymous_2)","decl":{"start":{"line":15,"column":18},"end":{"line":15,"column":19}},"loc":{"start":{"line":15,"column":23},"end":{"line":15,"column":42}},"line":15},"3":{"name":"(anonymous_3)","decl":{"start":{"line":22,"column":25},"end":{"line":22,"column":26}},"loc":{"start":{"line":22,"column":40},"end":{"line":44,"column":9}},"line":22},"4":{"name":"(anonymous_4)","decl":{"start":{"line":34,"column":22},"end":{"line":34,"column":23}},"loc":{"start":{"line":34,"column":31},"end":{"line":36,"column":17}},"line":34},"5":{"name":"(anonymous_5)","decl":{"start":{"line":37,"column":23},"end":{"line":37,"column":24}},"loc":{"start":{"line":37,"column":34},"end":{"line":40,"column":17}},"line":37},"6":{"name":"(anonymous_6)","decl":{"start":{"line":41,"column":25},"end":{"line":41,"column":26}},"loc":{"start":{"line":41,"column":31},"end":{"line":43,"column":17}},"line":41}},"branchMap":{"0":{"loc":{"start":{"line":18,"column":8},"end":{"line":20,"column":9}},"type":"if","locations":[{"start":{"line":18,"column":8},"end":{"line":20,"column":9}},{"start":{},"end":{}}],"line":18},"1":{"loc":{"start":{"line":18,"column":12},"end":{"line":18,"column":44}},"type":"binary-expr","locations":[{"start":{"line":18,"column":12},"end":{"line":18,"column":24}},{"start":{"line":18,"column":28},"end":{"line":18,"column":44}}],"line":18},"2":{"loc":{"start":{"line":23,"column":26},"end":{"line":23,"column":43}},"type":"binary-expr","locations":[{"start":{"line":23,"column":26},"end":{"line":23,"column":37}},{"start":{"line":23,"column":41},"end":{"line":23,"column":43}}],"line":23},"3":{"loc":{"start":{"line":25,"column":24},"end":{"line":25,"column":53}},"type":"binary-expr","locations":[{"start":{"line":25,"column":24},"end":{"line":25,"column":40}},{"start":{"line":25,"column":44},"end":{"line":25,"column":53}}],"line":25},"4":{"loc":{"start":{"line":29,"column":12},"end":{"line":31,"column":13}},"type":"if","locations":[{"start":{"line":29,"column":12},"end":{"line":31,"column":13}},{"start":{},"end":{}}],"line":29}},"s":{"0":1,"1":3,"2":3,"3":3,"4":3,"5":9,"6":3,"7":3,"8":0,"9":3,"10":1,"11":1,"12":1,"13":0,"14":1,"15":1,"16":0,"17":0,"18":1,"19":3},"f":{"0":3,"1":3,"2":9,"3":1,"4":1,"5":0,"6":1},"b":{"0":[0,3],"1":[3,3],"2":[1,0],"3":[1,0],"4":[0,1]},"_coverageSchema":"1a1c01bbd47fc00a2c39e90264f33305004495a9","hash":"0a0811991cf1a0750fa4115cd637b8191e34e057"}
,"D:\\Entwicklung\\NodeJS\\node-red-contrib-tankerkoenig2\\nodes\\20-radius.js": {"path":"D:\\Entwicklung\\NodeJS\\node-red-contrib-tankerkoenig2\\nodes\\20-radius.js","statementMap":{"0":{"start":{"line":2,"column":0},"end":{"line":59,"column":2}},"1":{"start":{"line":5,"column":25},"end":{"line":5,"column":55}},"2":{"start":{"line":8,"column":8},"end":{"line":8,"column":43}},"3":{"start":{"line":9,"column":21},"end":{"line":9,"column":25}},"4":{"start":{"line":11,"column":8},"end":{"line":19,"column":44}},"5":{"start":{"line":19,"column":23},"end":{"line":19,"column":42}},"6":{"start":{"line":21,"column":8},"end":{"line":21,"column":57}},"7":{"start":{"line":22,"column":8},"end":{"line":24,"column":9}},"8":{"start":{"line":23,"column":12},"end":{"line":23,"column":40}},"9":{"start":{"line":26,"column":8},"end":{"line":55,"column":11}},"10":{"start":{"line":27,"column":12},"end":{"line":27,"column":44}},"11":{"start":{"line":28,"column":27},"end":{"line":35,"column":13}},"12":{"start":{"line":37,"column":12},"end":{"line":54,"column":19}},"13":{"start":{"line":40,"column":20},"end":{"line":44,"column":21}},"14":{"start":{"line":41,"column":24},"end":{"line":43,"column":25}},"15":{"start":{"line":41,"column":37},"end":{"line":41,"column":38}},"16":{"start":{"line":42,"column":28},"end":{"line":42,"column":104}},"17":{"start":{"line":46,"column":20},"end":{"line":46,"column":38}},"18":{"start":{"line":49,"column":20},"end":{"line":49,"column":40}},"19":{"start":{"line":50,"column":20},"end":{"line":50,"column":38}},"20":{"start":{"line":53,"column":20},"end":{"line":53,"column":35}},"21":{"start":{"line":58,"column":4},"end":{"line":58,"column":63}}},"fnMap":{"0":{"name":"(anonymous_0)","decl":{"start":{"line":2,"column":17},"end":{"line":2,"column":18}},"loc":{"start":{"line":2,"column":26},"end":{"line":59,"column":1}},"line":2},"1":{"name":"radiusNode","decl":{"start":{"line":7,"column":13},"end":{"line":7,"column":23}},"loc":{"start":{"line":7,"column":33},"end":{"line":56,"column":5}},"line":7},"2":{"name":"(anonymous_2)","decl":{"start":{"line":19,"column":18},"end":{"line":19,"column":19}},"loc":{"start":{"line":19,"column":23},"end":{"line":19,"column":42}},"line":19},"3":{"name":"(anonymous_3)","decl":{"start":{"line":26,"column":25},"end":{"line":26,"column":26}},"loc":{"start":{"line":26,"column":40},"end":{"line":55,"column":9}},"line":26},"4":{"name":"(anonymous_4)","decl":{"start":{"line":38,"column":22},"end":{"line":38,"column":23}},"loc":{"start":{"line":38,"column":31},"end":{"line":47,"column":17}},"line":38},"5":{"name":"(anonymous_5)","decl":{"start":{"line":48,"column":23},"end":{"line":48,"column":24}},"loc":{"start":{"line":48,"column":34},"end":{"line":51,"column":17}},"line":48},"6":{"name":"(anonymous_6)","decl":{"start":{"line":52,"column":25},"end":{"line":52,"column":26}},"loc":{"start":{"line":52,"column":31},"end":{"line":54,"column":17}},"line":52}},"branchMap":{"0":{"loc":{"start":{"line":22,"column":8},"end":{"line":24,"column":9}},"type":"if","locations":[{"start":{"line":22,"column":8},"end":{"line":24,"column":9}},{"start":{},"end":{}}],"line":22},"1":{"loc":{"start":{"line":22,"column":12},"end":{"line":22,"column":44}},"type":"binary-expr","locations":[{"start":{"line":22,"column":12},"end":{"line":22,"column":24}},{"start":{"line":22,"column":28},"end":{"line":22,"column":44}}],"line":22},"2":{"loc":{"start":{"line":27,"column":26},"end":{"line":27,"column":43}},"type":"binary-expr","locations":[{"start":{"line":27,"column":26},"end":{"line":27,"column":37}},{"start":{"line":27,"column":41},"end":{"line":27,"column":43}}],"line":27},"3":{"loc":{"start":{"line":29,"column":24},"end":{"line":29,"column":62}},"type":"binary-expr","locations":[{"start":{"line":29,"column":24},"end":{"line":29,"column":44}},{"start":{"line":29,"column":49},"end":{"line":29,"column":62}}],"line":29},"4":{"loc":{"start":{"line":30,"column":24},"end":{"line":30,"column":63}},"type":"binary-expr","locations":[{"start":{"line":30,"column":24},"end":{"line":30,"column":45}},{"start":{"line":30,"column":49},"end":{"line":30,"column":63}}],"line":30},"5":{"loc":{"start":{"line":31,"column":24},"end":{"line":31,"column":60}},"type":"binary-expr","locations":[{"start":{"line":31,"column":24},"end":{"line":31,"column":42}},{"start":{"line":31,"column":49},"end":{"line":31,"column":60}}],"line":31},"6":{"loc":{"start":{"line":32,"column":24},"end":{"line":32,"column":74}},"type":"binary-expr","locations":[{"start":{"line":32,"column":24},"end":{"line":32,"column":40}},{"start":{"line":32,"column":49},"end":{"line":32,"column":58}},{"start":{"line":32,"column":68},"end":{"line":32,"column":74}}],"line":32},"7":{"loc":{"start":{"line":33,"column":24},"end":{"line":33,"column":73}},"type":"binary-expr","locations":[{"start":{"line":33,"column":24},"end":{"line":33,"column":44}},{"start":{"line":33,"column":49},"end":{"line":33,"column":62}},{"start":{"line":33,"column":68},"end":{"line":33,"column":73}}],"line":33},"8":{"loc":{"start":{"line":40,"column":20},"end":{"line":44,"column":21}},"type":"if","locations":[{"start":{"line":40,"column":20},"end":{"line":44,"column":21}},{"start":{},"end":{}}],"line":40}},"s":{"0":4,"1":6,"2":6,"3":6,"4":6,"5":42,"6":6,"7":6,"8":0,"9":6,"10":4,"11":4,"12":4,"13":4,"14":4,"15":4,"16":1052,"17":4,"18":0,"19":0,"20":4,"21":6},"f":{"0":6,"1":6,"2":42,"3":4,"4":4,"5":0,"6":4},"b":{"0":[0,6],"1":[6,6],"2":[4,0],"3":[4,0],"4":[4,0],"5":[4,0],"6":[4,4,4],"7":[4,4,4],"8":[4,0]},"_coverageSchema":"1a1c01bbd47fc00a2c39e90264f33305004495a9","hash":"424338af534e273690db01e4538346fef86e744d"}
}
