TN:
SF:lib\tankerkoenig.js
FN:4,(anonymous_0)
FN:5,(anonymous_1)
FN:27,(anonymous_2)
FN:30,(anonymous_3)
FN:34,(anonymous_4)
FN:59,(anonymous_5)
FN:71,(anonymous_6)
FNF:7
FNH:6
FNDA:7,(anonymous_0)
FNDA:7,(anonymous_1)
FNDA:7,(anonymous_2)
FNDA:99,(anonymous_3)
FNDA:7,(anonymous_4)
FNDA:0,(anonymous_5)
FNDA:1053,(anonymous_6)
DA:1,4
DA:3,4
DA:5,7
DA:6,7
DA:13,7
DA:15,6
DA:16,6
DA:19,1
DA:20,1
DA:24,1
DA:27,7
DA:28,7
DA:30,7
DA:31,99
DA:34,7
DA:35,7
DA:36,7
DA:38,7
DA:39,0
DA:43,7
DA:44,2
DA:47,7
DA:50,0
DA:59,7
DA:60,0
DA:63,7
DA:64,1
DA:67,7
DA:72,1053
DA:74,1053
DA:75,15798
DA:76,3159
DA:77,3159
DA:81,1053
DA:82,0
DA:83,0
DA:86,1053
LF:37
LH:32
BRDA:13,0,0,6
BRDA:13,0,1,1
BRDA:38,1,0,0
BRDA:38,1,1,7
BRDA:39,2,0,0
BRDA:39,2,1,0
BRDA:43,3,0,2
BRDA:43,3,1,5
BRDA:53,4,0,0
BRDA:53,4,1,0
BRDA:63,5,0,1
BRDA:63,5,1,6
BRDA:71,6,0,1
BRDA:75,7,0,3159
BRDA:75,7,1,12639
BRDA:81,8,0,0
BRDA:81,8,1,1053
BRDA:81,9,0,1053
BRDA:81,9,1,0
BRF:19
BRH:12
end_of_record
TN:
SF:nodes\10-config.js
FN:1,(anonymous_0)
FN:5,(anonymous_1)
FNF:2
FNH:2
FNDA:12,(anonymous_0)
FNDA:12,(anonymous_1)
DA:1,4
DA:6,12
DA:8,12
DA:9,12
DA:13,12
LF:5
LH:5
BRDA:9,0,0,12
BRDA:9,0,1,0
BRDA:9,0,2,0
BRF:3
BRH:1
end_of_record
TN:
SF:nodes\20-complaint.js
FN:2,(anonymous_0)
FN:7,complaintNode
FN:18,(anonymous_2)
FN:25,(anonymous_3)
FN:44,(anonymous_4)
FN:47,(anonymous_5)
FN:51,(anonymous_6)
FNF:7
FNH:6
FNDA:3,(anonymous_0)
FNDA:3,complaintNode
FNDA:18,(anonymous_2)
FNDA:1,(anonymous_3)
FNDA:1,(anonymous_4)
FNDA:0,(anonymous_5)
FNDA:1,(anonymous_6)
DA:2,1
DA:5,3
DA:8,3
DA:9,3
DA:11,3
DA:18,18
DA:20,3
DA:21,3
DA:22,0
DA:25,3
DA:26,1
DA:27,1
DA:35,1
DA:36,0
DA:39,1
DA:40,0
DA:43,1
DA:45,1
DA:48,0
DA:49,0
DA:52,1
DA:57,3
LF:22
LH:17
BRDA:21,0,0,0
BRDA:21,0,1,3
BRDA:21,1,0,3
BRDA:21,1,1,3
BRDA:26,2,0,1
BRDA:26,2,1,0
BRDA:28,3,0,1
BRDA:28,3,1,0
BRDA:29,4,0,1
BRDA:29,4,1,0
BRDA:30,5,0,1
BRDA:30,5,1,0
BRDA:30,5,2,0
BRDA:31,6,0,1
BRDA:31,6,1,0
BRDA:31,6,2,0
BRDA:35,7,0,0
BRDA:35,7,1,1
BRDA:39,8,0,0
BRDA:39,8,1,1
BRF:20
BRH:10
end_of_record
TN:
SF:nodes\20-detail.js
FN:2,(anonymous_0)
FN:7,detailNode
FN:15,(anonymous_2)
FN:22,(anonymous_3)
FN:30,(anonymous_4)
FN:38,(anonymous_5)
FN:42,(anonymous_6)
FNF:7
FNH:6
FNDA:3,(anonymous_0)
FNDA:3,detailNode
FNDA:9,(anonymous_2)
FNDA:1,(anonymous_3)
FNDA:1,(anonymous_4)
FNDA:0,(anonymous_5)
FNDA:1,(anonymous_6)
DA:2,1
DA:5,3
DA:8,3
DA:9,3
DA:11,3
DA:15,9
DA:17,3
DA:18,3
DA:19,0
DA:22,3
DA:23,1
DA:24,1
DA:29,1
DA:32,1
DA:33,1
DA:36,1
DA:39,0
DA:40,0
DA:43,1
DA:48,3
LF:20
LH:17
BRDA:18,0,0,0
BRDA:18,0,1,3
BRDA:18,1,0,3
BRDA:18,1,1,3
BRDA:23,2,0,1
BRDA:23,2,1,0
BRDA:25,3,0,1
BRDA:25,3,1,0
BRDA:32,4,0,1
BRDA:32,4,1,0
BRF:10
BRH:6
end_of_record
TN:
SF:nodes\20-prices.js
FN:2,(anonymous_0)
FN:7,pricesNode
FN:15,(anonymous_2)
FN:22,(anonymous_3)
FN:34,(anonymous_4)
FN:37,(anonymous_5)
FN:41,(anonymous_6)
FNF:7
FNH:6
FNDA:3,(anonymous_0)
FNDA:3,pricesNode
FNDA:9,(anonymous_2)
FNDA:1,(anonymous_3)
FNDA:1,(anonymous_4)
FNDA:0,(anonymous_5)
FNDA:1,(anonymous_6)
DA:2,1
DA:5,3
DA:8,3
DA:9,3
DA:11,3
DA:15,9
DA:17,3
DA:18,3
DA:19,0
DA:22,3
DA:23,1
DA:24,1
DA:29,1
DA:30,0
DA:33,1
DA:35,1
DA:38,0
DA:39,0
DA:42,1
DA:47,3
LF:20
LH:16
BRDA:18,0,0,0
BRDA:18,0,1,3
BRDA:18,1,0,3
BRDA:18,1,1,3
BRDA:23,2,0,1
BRDA:23,2,1,0
BRDA:25,3,0,1
BRDA:25,3,1,0
BRDA:29,4,0,0
BRDA:29,4,1,1
BRF:10
BRH:6
end_of_record
TN:
SF:nodes\20-radius.js
FN:2,(anonymous_0)
FN:7,radiusNode
FN:19,(anonymous_2)
FN:26,(anonymous_3)
FN:38,(anonymous_4)
FN:48,(anonymous_5)
FN:52,(anonymous_6)
FNF:7
FNH:6
FNDA:6,(anonymous_0)
FNDA:6,radiusNode
FNDA:42,(anonymous_2)
FNDA:4,(anonymous_3)
FNDA:4,(anonymous_4)
FNDA:0,(anonymous_5)
FNDA:4,(anonymous_6)
DA:2,4
DA:5,6
DA:8,6
DA:9,6
DA:11,6
DA:19,42
DA:21,6
DA:22,6
DA:23,0
DA:26,6
DA:27,4
DA:28,4
DA:37,4
DA:40,4
DA:41,4
DA:42,1052
DA:46,4
DA:49,0
DA:50,0
DA:53,4
DA:58,6
LF:21
LH:18
BRDA:22,0,0,0
BRDA:22,0,1,6
BRDA:22,1,0,6
BRDA:22,1,1,6
BRDA:27,2,0,4
BRDA:27,2,1,0
BRDA:29,3,0,4
BRDA:29,3,1,0
BRDA:30,4,0,4
BRDA:30,4,1,0
BRDA:31,5,0,4
BRDA:31,5,1,0
BRDA:32,6,0,4
BRDA:32,6,1,4
BRDA:32,6,2,4
BRDA:33,7,0,4
BRDA:33,7,1,4
BRDA:33,7,2,4
BRDA:40,8,0,4
BRDA:40,8,1,0
BRF:20
BRH:14
end_of_record
